<?xml version="1.0" encoding="UTF-8"?>
<!-- Generated by org.testng.reporters.JUnitXMLReporter -->
<testsuite hostname="Hasee-PC" ignored="0" name="LoginTest" tests="4" failures="1" timestamp="31 Oct 2019 19:54:54 GMT" time="78.785" errors="0">
  <testcase name="loginTest" time="11.073" classname="com.automation.mypreparation.tests.Tc_Login"/>
  <testcase name="loginTest" time="5.347" classname="com.automation.mypreparation.tests.Tc_Login">
    <failure type="java.lang.AssertionError" message="expected [My account - My Store] but found [Login - My Store]">
      <![CDATA[java.lang.AssertionError: expected [My account - My Store] but found [Login - My Store]
at com.automation.mypreparation.pages.LoginPage.verifyTitle(LoginPage.java:87)
at com.automation.mypreparation.pages.LoginPage.login(LoginPage.java:51)
at com.automation.mypreparation.tests.Tc_Login.loginTest(Tc_Login.java:31)
... Removed 31 stack frames]]>
    </failure>
  </testcase> <!-- loginTest -->
  <testcase name="loginTest" time="8.661" classname="com.automation.mypreparation.tests.Tc_Login"/>
  <testcase name="verifyOrderHistoryDetais_NoRecords" time="9.809" classname="com.automation.mypreparation.tests.Tc_OrderHistoryDetails_NoRecords"/>
</testsuite> <!-- LoginTest -->
